2024-11-28 16:42:07,642 [Worker-5: Loading available Gradle versions] INFO  o.e.b.c.i.u.g.PublishedGradleVersions - Gradle version information cache is up-to-date. Trying to read.
2024-11-28 16:42:41,338 [Worker-16: Updating Maven Dependencies] INFO  o.e.m.c.i.l.LifecycleMappingFactory - Using org.eclipse.m2e.jdt.JarLifecycleMapping lifecycle mapping for MavenProject: com.example:accounts:0.0.1-SNAPSHOT @ D:\CORPORATE TRAINING\SYNCH-MS\Microservices\MS-WITH-H2_DATABASE\accounts\pom.xml.
2024-11-28 16:42:45,653 [Worker-26: Building] INFO  o.a.m.s.f.DefaultMavenResourcesFiltering - Copying 2 resources from src\main\resources to target\classes
2024-11-28 16:42:45,819 [Worker-26: Building] INFO  o.a.m.s.f.DefaultMavenResourcesFiltering - Copying 1 resource from src\main\resources to target\classes
2024-11-28 16:42:45,843 [Worker-26: Building] INFO  o.a.m.s.f.DefaultMavenResourcesFiltering - skip non existing resourceDirectory D:\CORPORATE TRAINING\SYNCH-MS\Microservices\MS-WITH-H2_DATABASE\accounts\src\test\resources
2024-11-28 16:43:05,111 [Worker-25: Building] INFO  o.e.m.c.i.l.LifecycleMappingFactory - Using org.eclipse.m2e.jdt.JarLifecycleMapping lifecycle mapping for MavenProject: com.example:cards:0.0.1-SNAPSHOT @ D:\CORPORATE TRAINING\SYNCH-MS\Microservices\MS-WITH-H2_DATABASE\cards\pom.xml.
2024-11-28 16:43:06,036 [Worker-25: Building] INFO  o.a.m.s.f.DefaultMavenResourcesFiltering - Copying 2 resources from src\main\resources to target\classes
2024-11-28 16:43:06,126 [Worker-25: Building] INFO  o.a.m.s.f.DefaultMavenResourcesFiltering - Copying 1 resource from src\main\resources to target\classes
2024-11-28 16:43:06,136 [Worker-25: Building] INFO  o.a.m.s.f.DefaultMavenResourcesFiltering - skip non existing resourceDirectory D:\CORPORATE TRAINING\SYNCH-MS\Microservices\MS-WITH-H2_DATABASE\cards\src\test\resources
2024-11-28 16:43:07,214 [Worker-26: Updating Maven Dependencies] INFO  o.e.m.c.i.l.LifecycleMappingFactory - Using org.eclipse.m2e.jdt.JarLifecycleMapping lifecycle mapping for MavenProject: com.example:cards:0.0.1-SNAPSHOT @ D:\CORPORATE TRAINING\SYNCH-MS\Microservices\MS-WITH-H2_DATABASE\cards\pom.xml.
2024-11-28 16:43:08,022 [Worker-21: Building] INFO  o.a.m.s.f.DefaultMavenResourcesFiltering - Copying 2 resources from src\main\resources to target\classes
2024-11-28 16:43:08,107 [Worker-21: Building] INFO  o.a.m.s.f.DefaultMavenResourcesFiltering - Copying 1 resource from src\main\resources to target\classes
2024-11-28 16:43:08,114 [Worker-21: Building] INFO  o.a.m.s.f.DefaultMavenResourcesFiltering - skip non existing resourceDirectory D:\CORPORATE TRAINING\SYNCH-MS\Microservices\MS-WITH-H2_DATABASE\cards\src\test\resources
2024-11-28 16:43:08,530 [Worker-9: Building] INFO  o.a.m.s.f.DefaultMavenResourcesFiltering - Copying 2 resources from src\main\resources to target\classes
2024-11-28 16:43:08,533 [Worker-9: Building] INFO  o.a.m.s.f.DefaultMavenResourcesFiltering - Copying 1 resource from src\main\resources to target\classes
2024-11-28 16:43:08,541 [Worker-9: Building] INFO  o.a.m.s.f.DefaultMavenResourcesFiltering - skip non existing resourceDirectory D:\CORPORATE TRAINING\SYNCH-MS\Microservices\MS-WITH-H2_DATABASE\cards\src\test\resources
2024-11-28 16:43:18,663 [Worker-16: Building] INFO  o.e.m.c.i.l.LifecycleMappingFactory - Using org.eclipse.m2e.jdt.JarLifecycleMapping lifecycle mapping for MavenProject: com.example:loans:0.0.1-SNAPSHOT @ D:\CORPORATE TRAINING\SYNCH-MS\Microservices\MS-WITH-H2_DATABASE\loans\pom.xml.
2024-11-28 16:43:19,287 [Worker-16: Building] INFO  o.a.m.s.f.DefaultMavenResourcesFiltering - Copying 2 resources from src\main\resources to target\classes
2024-11-28 16:43:19,310 [Worker-16: Building] INFO  o.a.m.s.f.DefaultMavenResourcesFiltering - Copying 1 resource from src\main\resources to target\classes
2024-11-28 16:43:19,317 [Worker-16: Building] INFO  o.a.m.s.f.DefaultMavenResourcesFiltering - skip non existing resourceDirectory D:\CORPORATE TRAINING\SYNCH-MS\Microservices\MS-WITH-H2_DATABASE\loans\src\test\resources
2024-11-28 16:43:19,880 [Worker-2: Updating Maven Dependencies] INFO  o.e.m.c.i.l.LifecycleMappingFactory - Using org.eclipse.m2e.jdt.JarLifecycleMapping lifecycle mapping for MavenProject: com.example:loans:0.0.1-SNAPSHOT @ D:\CORPORATE TRAINING\SYNCH-MS\Microservices\MS-WITH-H2_DATABASE\loans\pom.xml.
2024-11-28 16:43:20,944 [Worker-34: Building] INFO  o.a.m.s.f.DefaultMavenResourcesFiltering - Copying 2 resources from src\main\resources to target\classes
2024-11-28 16:43:20,957 [Worker-34: Building] INFO  o.a.m.s.f.DefaultMavenResourcesFiltering - Copying 1 resource from src\main\resources to target\classes
2024-11-28 16:43:20,961 [Worker-34: Building] INFO  o.a.m.s.f.DefaultMavenResourcesFiltering - skip non existing resourceDirectory D:\CORPORATE TRAINING\SYNCH-MS\Microservices\MS-WITH-H2_DATABASE\loans\src\test\resources
2024-11-28 16:44:40,488 [Worker-12: Updating Maven Project] INFO  o.e.m.c.i.p.ProjectConfigurationManager - Update started
2024-11-28 16:44:40,714 [Worker-12: Updating Maven Project] INFO  o.e.m.c.i.l.LifecycleMappingFactory - Using org.eclipse.m2e.jdt.JarLifecycleMapping lifecycle mapping for MavenProject: com.example:cards:0.0.1-SNAPSHOT @ D:\CORPORATE TRAINING\SYNCH-MS\Microservices\MS-WITH-H2_DATABASE\cards\pom.xml.
2024-11-28 16:44:41,214 [Worker-12: Updating Maven Project] INFO  o.e.m.j.i.AbstractJavaProjectConfigurator - Adding source folder /cards/src/main/java
2024-11-28 16:44:41,216 [Worker-12: Updating Maven Project] INFO  o.e.m.j.i.AbstractJavaProjectConfigurator - Adding resource folder /cards/src/main/resources
2024-11-28 16:44:41,217 [Worker-12: Updating Maven Project] INFO  o.e.m.j.i.AbstractJavaProjectConfigurator - Adding resource folder /cards/src/main/resources
2024-11-28 16:44:41,218 [Worker-12: Updating Maven Project] INFO  o.e.m.j.i.AbstractJavaProjectConfigurator - Adding source folder /cards/src/test/java
2024-11-28 16:44:41,219 [Worker-12: Updating Maven Project] INFO  o.e.m.j.i.AbstractJavaProjectConfigurator - Adding resource folder /cards/src/test/resources
2024-11-28 16:44:41,653 [Worker-12: Updating Maven Project] INFO  o.e.m.c.i.p.ProjectConfigurationManager - Update completed for 1 poms: local refresh takes 0.00 sec, refresh facades takes 0.00 sec, update config takes 0.00 sec 
2024-11-28 16:44:42,277 [Worker-20: Building] INFO  o.a.m.s.f.DefaultMavenResourcesFiltering - Copying 2 resources from src\main\resources to target\classes
2024-11-28 16:44:42,303 [Worker-20: Building] INFO  o.a.m.s.f.DefaultMavenResourcesFiltering - Copying 1 resource from src\main\resources to target\classes
2024-11-28 16:44:42,308 [Worker-20: Building] INFO  o.a.m.s.f.DefaultMavenResourcesFiltering - skip non existing resourceDirectory D:\CORPORATE TRAINING\SYNCH-MS\Microservices\MS-WITH-H2_DATABASE\cards\src\test\resources
